[0mPOST /upload [33m404[0m 5.137 ms - 49[0m
[0mPOST /upload [31m500[0m 12.465 ms - 52[0m
[0mPOST /upload [31m500[0m 1.992 ms - 52[0m
[0mPOST /upload [32m200[0m 136.403 ms - 29[0m
[0mPOST /upload [32m200[0m 144.050 ms - 29[0m
[0mGET / [36m304[0m 10.414 ms - -[0m
[0mGET / [36m304[0m 3.155 ms - -[0m
[0mGET / [36m304[0m 9.015 ms - -[0m
[0mGET / [36m304[0m 3.481 ms - -[0m
[0mGET / [36m304[0m 2.564 ms - -[0m
[0mGET / [36m304[0m 0.824 ms - -[0m
[0mGET / [36m304[0m 0.886 ms - -[0m
[0mGET / [36m304[0m 0.793 ms - -[0m
[0mGET / [36m304[0m 0.824 ms - -[0m
[0mGET / [36m304[0m 0.467 ms - -[0m
[0mGET / [36m304[0m 2.439 ms - -[0m
[0mGET / [36m304[0m 2.866 ms - -[0m
[0mGET / [36m304[0m 2.975 ms - -[0m
[0mGET / [36m304[0m 0.852 ms - -[0m
[0mGET / [36m304[0m 0.601 ms - -[0m
[0mGET / [36m304[0m 8.047 ms - -[0m
[0mGET / [36m304[0m 4.692 ms - -[0m
[0mGET / [36m304[0m 1.346 ms - -[0m
[0mGET / [36m304[0m 2.958 ms - -[0m
[0mGET / [36m304[0m 2.646 ms - -[0m
[0mGET / [36m304[0m 5.691 ms - -[0m
[0mGET / [36m304[0m 5.816 ms - -[0m
[0mGET / [36m304[0m 2.352 ms - -[0m
[0mGET / [36m304[0m 2.270 ms - -[0m
[0mGET / [36m304[0m 4.743 ms - -[0m
[0mGET / [36m304[0m 6.137 ms - -[0m
[0mGET / [36m304[0m 2.178 ms - -[0m
[0mGET / [36m304[0m 2.353 ms - -[0m
[0mGET / [36m304[0m 0.574 ms - -[0m
[0mGET / [36m304[0m 0.728 ms - -[0m
[0mGET / [36m304[0m 0.789 ms - -[0m
[0mGET / [36m304[0m 0.832 ms - -[0m
[0mGET / [36m304[0m 18.774 ms - -[0m
[0mGET /v1/authentication/register [32m200[0m 2.676 ms - 11[0m
[0mGET /v1/authentication/register [36m304[0m 2.973 ms - -[0m
[0mGET /v1/authentication/login [32m200[0m 6.578 ms - 11[0m
[0mGET /v1/authentication/login [36m304[0m 3.751 ms - -[0m
[0mGET /v1/authentication/login [36m304[0m 3.249 ms - -[0m
[0mGET /v1/authentication/login [36m304[0m 1.282 ms - -[0m
[0mGET /v1/authentication/login [36m304[0m 1.000 ms - -[0m
[0mGET /v1/video/allVideos [31m500[0m 10.522 ms - 64[0m
[0mGET /v1/video/allVideos [31m500[0m 4.347 ms - 64[0m
[0mGET /v1/video/allVideos [31m500[0m 3.506 ms - 64[0m
[0mGET /v1/video/allVideos [31m500[0m 7.534 ms - 64[0m
[0mGET /v1/video/allVideos [31m500[0m 6.898 ms - 64[0m
[0mGET /v1/video/allVideos [31m500[0m 1.223 ms - 64[0m
[0mGET /v1/video/allVideos [31m500[0m 26.898 ms - 64[0m
[0mGET /v1/video/allVideos [31m500[0m 6.403 ms - 64[0m
[0mGET /v1/video/allVideos [31m500[0m 1.269 ms - 64[0m
[0mGET /v1/video/allVideos [32m200[0m 8.031 ms - 11[0m
[0mGET /v1/video/allVideos [36m304[0m 6.177 ms - -[0m
[0mGET /v1/video/allVideos [33m404[0m 7.028 ms - 61[0m
[0mGET /v1/video/allVideos [33m404[0m 4.201 ms - 61[0m
[0mGET /v1/video/upload [32m200[0m 2.407 ms - 11[0m
[0mPOST /v1/video/upload [32m200[0m 123.105 ms - 29[0m
[0mPOST /v1/authentication/register [32m201[0m 119.205 ms - 26[0m
[0mPOST /v1/authentication/register [31m500[0m 114.565 ms - 72[0m
[0mPOST /v1/authentication/register [31m500[0m 117.126 ms - 72[0m
[0mPOST /v1/authentication/register [32m201[0m 89.031 ms - 26[0m
[0mPOST /v1/authentication/register [31m500[0m 194.437 ms - 72[0m
[0mPOST /v1/authentication/register [31m500[0m 116.427 ms - 72[0m
[0mPOST /v1/authentication/register [32m201[0m 89.519 ms - 26[0m
[0mPOST /v1/authentication/register [32m201[0m 104.319 ms - 26[0m
[0mPOST /v1/authentication/register [32m201[0m 117.270 ms - 26[0m
[0mPOST /v1/authentication/register [32m201[0m 86.434 ms - 26[0m
[0mPOST /v1/authentication/register [32m201[0m 90.904 ms - 26[0m
[0mPOST /v1/authentication/register [32m201[0m 86.536 ms - 26[0m
[0mPOST /v1/authentication/register [32m201[0m 87.194 ms - 26[0m
[0mPOST /v1/authentication/register [32m201[0m 69.274 ms - 26[0m
[0mPOST /v1/authentication/login [32m201[0m 99.457 ms - 141[0m
[0mPOST /v1/authentication/login [32m201[0m 76.348 ms - 141[0m
[0mPOST /v1/authentication/login [31m500[0m 11.155 ms - 69[0m
[0mPOST /v1/authentication/login [31m500[0m 3.282 ms - 69[0m
[0mPOST /v1/authentication/login [32m201[0m 71.165 ms - 141[0m
[0mGET / [0m-[0m - ms - -[0m
[0mGET / [31m500[0m 10460.855 ms - 46[0m
[0mGET / [33m404[0m 11.229 ms - 43[0m
[0mGET / [33m404[0m 3.783 ms - 43[0m
[0mGET / [33m404[0m 20.817 ms - 43[0m
[0mPOST /v1/authentication/register [32m201[0m 89.128 ms - 26[0m
[0mPOST /v1/authentication/login [32m201[0m 107.208 ms - 141[0m
[0mPOST /v1/video/upload [33m404[0m 5.774 ms - 58[0m
[0mPOST /v1/authentication/login [32m201[0m 104.914 ms - 141[0m
[0mPOST /v1/authentication/login [32m201[0m 72.202 ms - 141[0m
[0mPOST /v1/video/upload [33m404[0m 1.087 ms - 58[0m
[0mPOST /v1/authentication/login [32m201[0m 87.590 ms - 141[0m
[0mGET / [33m404[0m 11.114 ms - 43[0m
[0mPOST /v1/authentication/login [32m201[0m 130.707 ms - 141[0m
[0mPOST /v1/video/upload [33m404[0m 3.501 ms - 58[0m
[0mPOST /v1/authentication/login [32m201[0m 102.916 ms - 141[0m
[0mPOST /v1/video/upload [33m403[0m 4.748 ms - 61[0m
[0mPOST /v1/authentication/login [31m500[0m 28.492 ms - 69[0m
[0mPOST /v1/authentication/register [32m201[0m 77.450 ms - 26[0m
[0mPOST /v1/authentication/login [32m201[0m 78.668 ms - 141[0m
[0mPOST /v1/video/upload [33m403[0m 2.580 ms - 61[0m
[0mPOST /v1/video/upload [33m403[0m 12.221 ms - 61[0m
[0mPOST /v1/video/upload [33m403[0m 10.722 ms - 61[0m
[0mPOST /v1/video/upload [33m404[0m 6.920 ms - 58[0m
[0mPOST /v1/video/upload [33m404[0m 5.560 ms - 58[0m
[0mPOST /v1/video/upload [33m404[0m 15.776 ms - 58[0m
[0mPOST /v1/video/upload [31m500[0m 9.909 ms - 61[0m
[0mPOST /v1/video/upload [33m404[0m 8.225 ms - 58[0m
[0mPOST /v1/video/upload [33m404[0m 8.823 ms - 58[0m
[0mPOST /v1/video/upload [33m404[0m 8.911 ms - 58[0m
[0mPOST /v1/video/upload [33m404[0m 8.196 ms - 58[0m
[0mPOST /v1/video/createVideo [32m201[0m 10.661 ms - 27[0m
[0mPOST /v1/video/createVideo [32m201[0m 134.612 ms - 27[0m
[0mPOST /v1/authentication/register [32m201[0m 107.848 ms - 26[0m
[0mPOST /v1/authentication/login [32m201[0m 114.816 ms - 141[0m
[0mPOST /v1/video/createVideo [31m500[0m 153.546 ms - 66[0m
[0mPOST /v1/authentication/login [32m201[0m 114.510 ms - 141[0m
[0mPOST /v1/video/createVideo [32m201[0m 104.416 ms - 27[0m
[0mPOST /v1/authentication/login [32m201[0m 115.298 ms - 141[0m
[0mPOST /v1/video/createVideo [32m201[0m 131.535 ms - 27[0m
[0mPOST /v1/authentication/login [32m201[0m 112.087 ms - 141[0m
[0mPOST /v1/video/createVideo [32m201[0m 170.826 ms - 27[0m
[0mPOST /v1/authentication/login [32m201[0m 114.714 ms - 141[0m
[0mPOST /v1/video/createVideo [33m406[0m 178.117 ms - 335[0m
[0mPOST /v1/authentication/login [32m201[0m 113.598 ms - 141[0m
[0mPOST /v1/video/createVideo [33m406[0m 151.093 ms - 335[0m
[0mPOST /v1/authentication/login [32m201[0m 108.563 ms - 141[0m
[0mPOST /v1/video/createVideo [33m406[0m 100.546 ms - 335[0m
[0mPOST /v1/authentication/login [32m201[0m 123.731 ms - 141[0m
[0mPOST /v1/video/createVideo [33m406[0m 151.076 ms - 335[0m
[0mPOST /v1/authentication/login [32m201[0m 96.124 ms - 141[0m
[0mPOST /v1/authentication/login [32m201[0m 117.890 ms - 141[0m
[0mPOST /v1/authentication/login [32m201[0m 94.701 ms - 141[0m
[0mPOST /v1/authentication/login [32m201[0m 115.878 ms - 141[0m
[0mPOST /v1/authentication/login [32m201[0m 72.552 ms - 141[0m
[0mPOST /v1/authentication/login [32m201[0m 101.301 ms - 141[0m
[0mPOST /v1/authentication/login [32m201[0m 96.509 ms - 141[0m
[0mPOST /v1/authentication/login [32m201[0m 103.358 ms - 141[0m
[0mPOST /v1/video/register [31m500[0m 3.783 ms - 63[0m
[0mPOST /v1/authentication/login [32m201[0m 97.061 ms - 141[0m
[0mPOST /v1/video/register [31m500[0m 9.971 ms - 63[0m
[0mPOST /v1/authentication/login [32m201[0m 103.723 ms - 141[0m
[0mPOST /v1/video/register [31m500[0m 15.249 ms - 63[0m
[0mPOST /v1/authentication/login [32m201[0m 96.631 ms - 141[0m
[0mPOST /v1/video/register [31m500[0m 3.514 ms - 63[0m
[0mPOST /v1/authentication/login [32m201[0m 106.013 ms - 141[0m
[0mPOST /v1/authentication/login [32m201[0m 85.925 ms - 141[0m
[0mPOST /v1/video/register [31m500[0m 3.265 ms - 63[0m
[0mPOST /v1/authentication/login [32m201[0m 102.929 ms - 141[0m
[0mPOST /v1/video/register [33m404[0m 1.532 ms - 60[0m
[0mPOST /v1/authentication/login [32m201[0m 72.068 ms - 141[0m
[0mPOST /v1/video/register [33m404[0m 1.356 ms - 60[0m
[0mPOST /v1/authentication/login [32m201[0m 95.212 ms - 141[0m
[0mPOST /v1/authentication/login [32m201[0m 98.478 ms - 141[0m
[0mPOST /v1/video/createVideo [0m-[0m - ms - -[0m
[0mPOST /v1/authentication/login [32m201[0m 72.315 ms - 141[0m
[0mPOST /v1/authentication/login [32m201[0m 72.577 ms - 141[0m
[0mPOST /v1/authentication/login [32m201[0m 100.525 ms - 141[0m
[0mPOST /v1/video/createVideo [32m201[0m 7.798 ms - -[0m
[0mPOST /v1/authentication/login [32m201[0m 77.159 ms - 141[0m
[0mPOST /v1/video/createVideo [32m201[0m 5.724 ms - -[0m
[0mPOST /v1/authentication/login [32m201[0m 100.538 ms - 141[0m
[0mPOST /v1/video/createVideo [32m201[0m 2.454 ms - -[0m
[0mPOST /v1/authentication/login [32m201[0m 99.965 ms - 141[0m
[0mPOST /v1/authentication/login [32m201[0m 83.170 ms - 141[0m
[0mPOST /v1/video/createVideo [31m500[0m 3.944 ms - 66[0m
[0mPOST /v1/authentication/login [32m201[0m 95.045 ms - 141[0m
[0mPOST /v1/video/createVideo [32m201[0m 2.799 ms - -[0m
[0mPOST /v1/authentication/login [32m201[0m 106.419 ms - 141[0m
[0mPOST /v1/video/createVideo [32m201[0m 2.562 ms - -[0m
[0mPOST /v1/authentication/login [32m201[0m 106.819 ms - 141[0m
[0mPOST /v1/video/createVideo [32m201[0m 76.527 ms - -[0m
[0mPOST /v1/authentication/login [32m201[0m 102.259 ms - 141[0m
[0mPOST /v1/video/createVideo [32m201[0m 88.127 ms - -[0m
[0mPOST /v1/authentication/login [32m201[0m 99.899 ms - 141[0m
[0mPOST /v1/video/createVideo [32m201[0m 79.363 ms - -[0m
[0mPOST /v1/authentication/login [32m201[0m 104.378 ms - 141[0m
[0mPOST /v1/video/createVideo [32m201[0m 67.076 ms - -[0m
[0mPOST /v1/authentication/login [32m201[0m 97.985 ms - 141[0m
[0mPOST /v1/video/createVideo [31m500[0m 83.982 ms - 66[0m
[0mPOST /v1/authentication/login [32m201[0m 95.631 ms - 141[0m
[0mPOST /v1/video/createVideo [32m201[0m 72.928 ms - -[0m
[0mPOST /v1/authentication/login [32m201[0m 94.564 ms - 141[0m
[0mPOST /v1/video/createVideo [31m500[0m 99.477 ms - 66[0m
[0mPOST /v1/authentication/login [32m201[0m 115.726 ms - 141[0m
[0mPOST /v1/video/createVideo [31m500[0m 79.944 ms - 66[0m
[0mPOST /v1/authentication/login [32m201[0m 101.748 ms - 141[0m
[0mPOST /v1/video/createVideo [33m400[0m 86.876 ms - 21[0m
[0mPOST /v1/authentication/login [32m201[0m 94.821 ms - 141[0m
[0mPOST /v1/video/createVideo [33m400[0m 85.580 ms - 21[0m
[0mPOST /v1/authentication/login [32m201[0m 102.293 ms - 141[0m
[0mPOST /v1/video/createVideo [33m400[0m 52.878 ms - 21[0m
[0mPOST /v1/authentication/login [32m201[0m 98.401 ms - 141[0m
[0mPOST /v1/video/createVideo [33m400[0m 82.347 ms - 21[0m
[0mPOST /v1/authentication/login [32m201[0m 97.901 ms - 141[0m
[0mPOST /v1/video/createVideo [33m400[0m 90.540 ms - 21[0m
[0mPOST /v1/authentication/login [32m201[0m 92.087 ms - 141[0m
[0mPOST /v1/authentication/login [32m201[0m 97.721 ms - 141[0m
[0mPOST /v1/video/createVideo [33m400[0m 86.416 ms - 21[0m
[0mPOST /v1/authentication/login [32m201[0m 100.533 ms - 141[0m
[0mPOST /v1/authentication/login [32m201[0m 92.821 ms - 141[0m
[0mPOST /v1/authentication/login [32m201[0m 118.526 ms - 141[0m
[0mPOST /v1/video/createVideo [31m500[0m 152.085 ms - 66[0m
[0mGET / [33m404[0m 5.666 ms - 43[0m
[0mGET /uploads/imagens [33m404[0m 3.264 ms - 58[0m
[0mGET /uploads/images [33m404[0m 2.819 ms - 57[0m
[0mPOST /v1/authentication/login [32m201[0m 117.783 ms - 141[0m
[0mPOST /v1/video/createVideo [31m500[0m 132.951 ms - 66[0m
[0mGET /ploads/images/video_praia2.mp4 [33m404[0m 9.741 ms - 73[0m
[0mGET /uploads/images/video_praia2.mp4 [33m404[0m 2.761 ms - 74[0m
[0mGET /uploads/images/video_praia2.mp4 [33m404[0m 6.439 ms - 74[0m
[0mGET /uploads/images/video_praia2.mp4 [33m404[0m 9.608 ms - 74[0m
[0mGET /uploads/images/video_praia2.mp4 [33m404[0m 4.213 ms - 74[0m
[0mGET /uploads/images/video_praia2.mp4 [33m404[0m 1.673 ms - 74[0m
[0mGET /uploads/images/video_praia2.mp4 [33m404[0m 20.370 ms - 74[0m
[0mPOST /v1/authentication/login [32m201[0m 90.546 ms - 141[0m
[0mPOST /v1/video/createVideo [32m201[0m 126.277 ms - 27[0m
[0mPOST /v1/authentication/login [32m201[0m 72.653 ms - 141[0m
[0mPOST /v1/video/createVideo [32m201[0m 281.539 ms - 27[0m
[0mPOST /v1/video/upload [33m404[0m 4.923 ms - 58[0m
[0mPOST /v1/authentication/login [32m201[0m 134.354 ms - 141[0m
[0mPOST /v1/video/createVideo [32m201[0m 144.006 ms - 27[0m
[0mPOST /v1/video/allVideos [33m404[0m 0.841 ms - 61[0m
[0mPOST /v1/authentication/login [32m201[0m 88.337 ms - 141[0m
[0mPOST /v1/video/createVideo [31m500[0m 119.873 ms - 66[0m
[0mGET /v1/video/allVideos [32m200[0m 6.196 ms - 1254[0m
[0mGET /images/video_praia2.mp4 [32m200[0m 5.148 ms - 10377336[0m
[0mGET /images/video_praia2.mp4 [32m206[0m 1.932 ms - 10377336[0m
[0mGET /images/video_praia2.mp4 [32m206[0m 2.532 ms - 22648[0m
[0mGET /images/video_praia2.mp4 [36m304[0m 1.321 ms - -[0m
[0mGET /images/video_praia2.mp4 [32m206[0m 2.540 ms - 9830400[0m
[0mPOST /v1/authentication/register [32m201[0m 97.572 ms - 26[0m
[0mPOST /v1/authentication/login [32m201[0m 75.676 ms - 143[0m
[0mPOST /v1/video/createVideo [32m201[0m 136.056 ms - 27[0m
[0mGET /v1/video/allVideos [32m200[0m 7.601 ms - 292[0m
[0mGET /v1/video/allVideos [33m401[0m 3.151 ms - 64[0m
[0mPOST /v1/authentication/login [32m201[0m 79.850 ms - 143[0m
[0mGET /v1/video/allVideos [33m401[0m 0.986 ms - 64[0m
[0mPOST /v1/authentication/login [32m201[0m 88.007 ms - 143[0m
[0mGET /v1/video/allVideos [33m401[0m 1.358 ms - 64[0m
[0mPOST /v1/authentication/login [32m201[0m 72.772 ms - 143[0m
[0mPOST /v1/authentication/login [32m201[0m 69.536 ms - 143[0m
[0mGET /v1/video/allVideos [32m200[0m 11.276 ms - 292[0m
[0mGET /images/video_praia2.mp4 [32m200[0m 6.326 ms - 10377336[0m
[0mGET /videos/video_praia2.mp4 [32m200[0m 1.008 ms - 10377336[0m
[0mGET /videos/video_praia2.mp4 [32m206[0m 1.769 ms - 8214[0m
[0mGET /videos/video_praia2.mp4 [32m206[0m 0.947 ms - 10377296[0m
[0mGET /videos/video_praia2.mp4 [32m206[0m 3.692 ms - 10377288[0m
[0mPOST /v1/authentication/login [32m201[0m 82.965 ms - 143[0m
[0mPOST /v1/authentication/login [32m201[0m 76.726 ms - 143[0m
[0mPOST /v1/authentication/login [32m201[0m 74.057 ms - 143[0m
[0mPOST /v1/authentication/login [32m201[0m 83.459 ms - 143[0m
[0mPOST /v1/authentication/login [32m201[0m 75.599 ms - 143[0m
[0mPOST /v1/authentication/login [32m201[0m 85.550 ms - 143[0m
[0mPOST /v1/authentication/login [32m201[0m 75.075 ms - 143[0m
[0mPOST /v1/video/createVideo [32m201[0m 61.045 ms - 27[0m
[0mPOST /v1/video/createVideo [31m500[0m 83.494 ms - 66[0m
[0mGET /v1/video/allVideos [32m200[0m 14.559 ms - 544[0m
[0mGET /images/video_praia2.mp4 [32m200[0m 1.486 ms - 10377336[0m
[0mGET /images/49251422908_591245c64a_c.jpg [32m200[0m 8.797 ms - 206770[0m
[0mPOST /v1/authentication/login [32m201[0m 69.202 ms - 143[0m
[0mPOST /v1/video/createVideo [32m201[0m 52.189 ms - 27[0m
[0mGET /v1/video/allVideos [32m200[0m 4.993 ms - 843[0m
[0mGET /images/video_praia2.mp4 [32m200[0m 1.361 ms - 10377336[0m
[0mGET /images/49251422908_591245c64a_c.jpg [32m200[0m 1.123 ms - 206770[0m
[0mGET /images/49251422908_591245c64a_c.jpg [32m200[0m 1.178 ms - 206770[0m
[0mGET /videos/video_praia2%20(1).mp4 [32m200[0m 0.810 ms - 10377336[0m
[0mGET /videos/video_praia2%20(1).mp4 [32m206[0m 2.517 ms - 8214[0m
[0mGET /videos/video_praia2%20(1).mp4 [32m206[0m 1.038 ms - 10377296[0m
[0mGET /videos/video_praia2.mp4 [32m200[0m 1.956 ms - 10377336[0m
[0mGET /videos/video_praia2.mp4 [32m206[0m 1.542 ms - 8214[0m
[0mGET /videos/video_praia2.mp4 [32m206[0m 1.402 ms - 10377296[0m
[0mGET /videos/video_praia2.mp4 [32m200[0m 0.986 ms - 10377336[0m
[0mGET /videos/video_praia2.mp4 [32m206[0m 2.844 ms - 8214[0m
[0mGET /videos/video_praia2.mp4 [32m206[0m 1.460 ms - 10377296[0m
[0mGET /v1/video/allVideos [32m200[0m 21.331 ms - 843[0m
[0mGET /images/video_praia2.mp4 [32m200[0m 1.526 ms - 10377336[0m
[0mGET /images/49251422908_591245c64a_c.jpg [32m200[0m 0.864 ms - 206770[0m
[0mGET /images/49251422908_591245c64a_c.jpg [32m200[0m 1.072 ms - 206770[0m
[0mGET /v1/video/allVideos [32m200[0m 10.345 ms - 843[0m
[0mGET /images/video_praia2.mp4 [32m200[0m 1.014 ms - 10377336[0m
[0mGET /images/49251422908_591245c64a_c.jpg [32m200[0m 0.631 ms - 206770[0m
[0mGET /images/49251422908_591245c64a_c.jpg [32m200[0m 0.617 ms - 206770[0m
[0mGET /v1/video/allVideos [32m200[0m 11.522 ms - 843[0m
[0mGET /images/video_praia2.mp4 [32m200[0m 1.332 ms - 10377336[0m
[0mGET /images/49251422908_591245c64a_c.jpg [32m200[0m 0.717 ms - 206770[0m
[0mGET /images/49251422908_591245c64a_c.jpg [32m200[0m 0.723 ms - 206770[0m
[0mPOST /v1/authentication/register [31m500[0m 89.422 ms - 72[0m
[0mPOST /v1/authentication/login [32m201[0m 88.804 ms - 143[0m
[0mGET /v1/video/allVideos [32m200[0m 13.294 ms - 843[0m
[0mGET /images/video_praia2.mp4 [32m200[0m 2.376 ms - 10377336[0m
[0mGET /images/49251422908_591245c64a_c.jpg [32m200[0m 0.906 ms - 206770[0m
[0mGET /images/49251422908_591245c64a_c.jpg [32m200[0m 0.793 ms - 206770[0m
[0mPOST /v1/authentication/register [31m500[0m 88.785 ms - 72[0m
[0mPOST /v1/authentication/login [32m201[0m 76.066 ms - 143[0m
[0mGET /v1/video/allVideos [32m200[0m 7.095 ms - 843[0m
[0mGET /images/video_praia2.mp4 [32m200[0m 1.612 ms - 10377336[0m
[0mGET /images/49251422908_591245c64a_c.jpg [32m200[0m 1.386 ms - 206770[0m
[0mGET /images/49251422908_591245c64a_c.jpg [32m200[0m 2.584 ms - 206770[0m
[0mGET /v1/video/allVideos [32m200[0m 22.411 ms - 843[0m
[0mGET /images/video_praia2.mp4 [32m200[0m 3.084 ms - 10377336[0m
[0mGET /images/49251422908_591245c64a_c.jpg [32m200[0m 0.962 ms - 206770[0m
[0mGET /images/49251422908_591245c64a_c.jpg [32m200[0m 0.919 ms - 206770[0m
[0mPOST /v1/authentication/register [32m201[0m 114.446 ms - 26[0m
[0mPOST /v1/authentication/login [32m201[0m 145.950 ms - 143[0m
[0mGET /v1/video/allVideos [32m200[0m 17.742 ms - 2[0m
[0mPOST /v1/video/createVideo [32m201[0m 90.561 ms - 27[0m
[0mGET /v1/video/allVideos [32m200[0m 9.928 ms - 257[0m
[0mGET /images/downloa2d.png [32m200[0m 2.876 ms - 5846[0m
[0mGET /videos/video_praia2.mp4 [32m200[0m 1.282 ms - 10377336[0m
[0mGET /videos/video_praia2.mp4 [32m206[0m 1.520 ms - 8214[0m
[0mGET /videos/video_praia2.mp4 [32m206[0m 1.986 ms - 10377296[0m
[0mPOST /v1/authentication/register [31m500[0m 109.509 ms - 72[0m
[0mPOST /v1/authentication/login [32m201[0m 89.500 ms - 143[0m
[0mGET /v1/video/allVideos [32m200[0m 7.839 ms - 257[0m
[0mGET /images/downloa2d.png [32m200[0m 1.675 ms - 5846[0m
[0mPOST /v1/video/createVideo [33m406[0m 81.445 ms - 535[0m
[0mGET /v1/video/allVideos [32m200[0m 7.348 ms - 257[0m
[0mGET /images/downloa2d.png [32m200[0m 1.587 ms - 5846[0m
[0mGET /v1/video/allVideos [32m200[0m 9.060 ms - 257[0m
[0mGET /images/downloa2d.png [32m200[0m 2.068 ms - 5846[0m
[0mGET /videos/video_praia2.mp4 [32m200[0m 0.910 ms - 10377336[0m
[0mGET /videos/video_praia2.mp4 [32m206[0m 19.716 ms - 8214[0m
[0mGET /videos/video_praia2.mp4 [32m206[0m 1.246 ms - 10377296[0m
[0mPOST /v1/video/createVideo [32m201[0m 94.990 ms - 27[0m
[0mGET /v1/video/allVideos [32m200[0m 11.275 ms - 523[0m
[0mGET /images/downloa2d.png [32m200[0m 2.722 ms - 5846[0m
[0mGET /images/download.jpeg [32m200[0m 1.251 ms - 12194[0m
[0mGET /videos/video_praia2.mp4 [32m200[0m 2.624 ms - 10377336[0m
[0mGET /videos/video_praia2.mp4 [32m206[0m 13.057 ms - 8214[0m
[0mGET /videos/video_praia2.mp4 [32m206[0m 1.793 ms - 10377296[0m
[0mGET /v1/video/allVideos [32m200[0m 11.284 ms - 523[0m
[0mGET /images/downloa2d.png [32m200[0m 1.731 ms - 5846[0m
[0mGET /images/download.jpeg [32m200[0m 0.824 ms - 12194[0m
[0mGET /videos/video_praia2.mp4 [32m200[0m 1.230 ms - 10377336[0m
[0mGET /videos/video_praia2.mp4 [32m206[0m 1.917 ms - 8214[0m
[0mGET /videos/video_praia2.mp4 [32m206[0m 1.410 ms - 10377296[0m
[0mGET /videos/video_praia2.mp4 [32m200[0m 1.715 ms - 10377336[0m
[0mGET /videos/video_praia2.mp4 [32m206[0m 1.198 ms - 8214[0m
[0mGET /videos/video_praia2.mp4 [32m206[0m 0.983 ms - 10377296[0m
[0mGET /videos/video_praia2.mp4 [32m200[0m 0.799 ms - 10377336[0m
[0mGET /videos/video_praia2.mp4 [32m206[0m 0.711 ms - 8214[0m
[0mGET /videos/video_praia2.mp4 [32m206[0m 7.859 ms - 10377296[0m
[0mPOST /v1/authentication/register [31m500[0m 100.254 ms - 72[0m
[0mPOST /v1/authentication/login [32m201[0m 95.447 ms - 143[0m
[0mGET /v1/video/allVideos [32m200[0m 4.703 ms - 523[0m
[0mGET /images/downloa2d.png [32m200[0m 0.980 ms - 5846[0m
[0mGET /images/download.jpeg [32m200[0m 1.125 ms - 12194[0m
[0mGET /videos/video_praia2.mp4 [32m200[0m 0.856 ms - 10377336[0m
[0mGET /videos/video_praia2.mp4 [32m206[0m 0.957 ms - 8214[0m
[0mGET /videos/video_praia2.mp4 [32m206[0m 0.940 ms - 10377296[0m
[0mGET /videos/video_praia2.mp4 [32m206[0m 1.185 ms - 10377288[0m
[0mGET /videos/video_praia2.mp4 [32m200[0m 0.875 ms - 10377336[0m
[0mGET /videos/video_praia2.mp4 [32m206[0m 1.297 ms - 8214[0m
[0mGET /videos/video_praia2.mp4 [32m206[0m 0.793 ms - 10377296[0m
[0mPOST /v1/authentication/register [31m500[0m 86.132 ms - 72[0m
[0mPOST /v1/authentication/login [32m201[0m 94.648 ms - 143[0m
[0mGET /v1/video/allVideos [32m200[0m 5.929 ms - 523[0m
[0mGET /images/downloa2d.png [32m200[0m 0.861 ms - 5846[0m
[0mGET /images/download.jpeg [32m200[0m 1.252 ms - 12194[0m
[0mPOST /v1/authentication/register [31m500[0m 141.358 ms - 72[0m
[0mPOST /v1/authentication/login [32m201[0m 103.048 ms - 143[0m
[0mGET /v1/video/allVideos [32m200[0m 22.346 ms - 523[0m
[0mGET /images/downloa2d.png [32m200[0m 5.057 ms - 5846[0m
[0mGET /images/download.jpeg [32m200[0m 1.359 ms - 12194[0m
[0mPOST /v1/video/createVideo [32m201[0m 105.893 ms - 27[0m
[0mGET /v1/video/allVideos [32m200[0m 15.572 ms - 1019[0m
[0mGET /images/downloa2d.png [32m200[0m 1.631 ms - 5846[0m
[0mGET /images/download.jpeg [32m200[0m 1.919 ms - 12194[0m
[0mGET /images/downloa2d.png [32m200[0m 1.251 ms - 5846[0m
